[debug] [2026-07-18T19:09:46.875Z] ----------------------------------------------------------------------
[debug] [2026-07-18T19:09:46.877Z] Command:       C:\Program Files\nodejs\node.exe C:\Users\Dilshan Mindika\AppData\Local\npm-cache\_npx\7750544ccf494d8b\node_modules\firebase-tools\lib\bin\firebase.js deploy --only functions --debug
[debug] [2026-07-18T19:09:46.878Z] CLI Version:   15.24.0
[debug] [2026-07-18T19:09:46.878Z] Platform:      win32
[debug] [2026-07-18T19:09:46.878Z] Node Version:  v25.9.0
[debug] [2026-07-18T19:09:46.878Z] Detected Agent: antigravity
[debug] [2026-07-18T19:09:46.879Z] Time:          Sun Jul 19 2026 00:39:46 GMT+0530 (India Standard Time)
[debug] [2026-07-18T19:09:46.879Z] ----------------------------------------------------------------------
[debug] 
[debug] [2026-07-18T19:09:46.894Z] >>> [apiv2][query] GET https://firebase-public.firebaseio.com/cli.json [none]
[debug] [2026-07-18T19:09:49.317Z] > command requires scopes: ["email","openid","https://www.googleapis.com/auth/cloudplatformprojects.readonly","https://www.googleapis.com/auth/firebase","https://www.googleapis.com/auth/cloud-platform"]
[debug] [2026-07-18T19:09:49.344Z] Error: Could not load the default credentials. Browse to https://cloud.google.com/docs/authentication/getting-started for more information.
    at GoogleAuth.getApplicationDefaultAsync (C:\Users\Dilshan Mindika\AppData\Local\npm-cache\_npx\7750544ccf494d8b\node_modules\google-auth-library\build\src\auth\googleauth.js:287:15)
    at process.processTicksAndRejections (node:internal/process/task_queues:104:5)
    at async GoogleAuth._GoogleAuth_determineClient (C:\Users\Dilshan Mindika\AppData\Local\npm-cache\_npx\7750544ccf494d8b\node_modules\google-auth-library\build\src\auth\googleauth.js:834:32)
    at async GoogleAuth.getClient (C:\Users\Dilshan Mindika\AppData\Local\npm-cache\_npx\7750544ccf494d8b\node_modules\google-auth-library\build\src\auth\googleauth.js:698:20)
    at async GoogleAuth.getAccessToken (C:\Users\Dilshan Mindika\AppData\Local\npm-cache\_npx\7750544ccf494d8b\node_modules\google-auth-library\build\src\auth\googleauth.js:722:24)
    at async autoAuth (C:\Users\Dilshan Mindika\AppData\Local\npm-cache\_npx\7750544ccf494d8b\node_modules\firebase-tools\lib\requireAuth.js:38:19)
    at async requireAuth (C:\Users\Dilshan Mindika\AppData\Local\npm-cache\_npx\7750544ccf494d8b\node_modules\firebase-tools\lib\requireAuth.js:100:20)
    at async requirePermissions (C:\Users\Dilshan Mindika\AppData\Local\npm-cache\_npx\7750544ccf494d8b\node_modules\firebase-tools\lib\requirePermissions.js:17:5)
    at async C:\Users\Dilshan Mindika\AppData\Local\npm-cache\_npx\7750544ccf494d8b\node_modules\firebase-tools\lib\command.js:271:17
[error] 
[error] Error: Failed to authenticate, have you run firebase login?
